<?xml version="1.0" encoding="UTF-8"?>
<!-- Generated by org.testng.reporters.JUnitReportReporter -->
<testsuite hostname="Mathur" failures="0" tests="3" name="files.DynamicJson" time="3.308" errors="0" timestamp="2024-03-08T12:17:10 EST" skipped="0">
  <testcase classname="files.DynamicJson" name="addBook" time="2.099"/>
  <testcase classname="files.DynamicJson" name="addBook" time="0.598"/>
  <testcase classname="files.DynamicJson" name="addBook" time="0.611"/>
</testsuite> <!-- files.DynamicJson -->
