<?xml version="1.0" encoding="UTF-8"?>
<!-- Generated by org.testng.reporters.JUnitReportReporter -->
<testsuite hostname="Mathur" failures="0" tests="1" name="sumValidation" time="1.039" errors="0" timestamp="2024-03-08T10:34:40 EST" skipped="0">
  <testcase classname="sumValidation" name="sumOfCourses" time="1.039"/>
</testsuite> <!-- sumValidation -->
